<?xml version="1.0" encoding="UTF-8"?>
<!-- Generated by org.testng.reporters.JUnitReportReporter -->
<testsuite hostname="MSI" failures="0" tests="1" name="javascriptExample.HRMLoginTest" time="3.044" errors="0" timestamp="2025-03-17T12:51:30 IST" skipped="0">
  <testcase classname="javascriptExample.HRMLoginTest" name="VerifyLoginTest" time="3.044"/>
  <system-out/>
</testsuite> <!-- javascriptExample.HRMLoginTest -->
