<?xml version="1.0" encoding="UTF-8"?>
<!-- Generated by org.testng.reporters.JUnitReportReporter -->
<testsuite hostname="MSI" failures="0" tests="1" name="HandleWindowExample_IRCTC.handleModalExample" time="0.362" errors="0" timestamp="2025-03-13T12:27:56 IST" skipped="0">
  <testcase classname="HandleWindowExample_IRCTC.handleModalExample" name="VerifyFrame" time="0.362"/>
  <system-out/>
</testsuite> <!-- HandleWindowExample_IRCTC.handleModalExample -->
