<?xml version="1.0" encoding="UTF-8"?>
<!-- Generated by org.testng.reporters.JUnitReportReporter -->
<testsuite hostname="MSI" failures="0" tests="3" name="ddtExample.HRMLogin" time="3.989" errors="0" timestamp="2025-03-19T11:53:02 IST" skipped="0">
  <testcase classname="ddtExample.HRMLogin" name="verifyLoginWithMultipleCred" time="0.785"/>
  <system-out/>
  <testcase classname="ddtExample.HRMLogin" name="verifyLoginWithMultipleCred" time="1.722"/>
  <system-out/>
  <testcase classname="ddtExample.HRMLogin" name="verifyLoginWithMultipleCred" time="1.482"/>
  <system-out/>
</testsuite> <!-- ddtExample.HRMLogin -->
