<?xml version="1.0" encoding="UTF-8"?>
<!-- Generated by org.testng.reporters.JUnitReportReporter -->
<testsuite hostname="MSI" failures="0" tests="5" name="testNGExample.AmazonAppTestPriority2" time="0.008" errors="0" timestamp="2025-03-18T11:39:59 IST" skipped="2">
  <testcase classname="testNGExample.AmazonAppTestPriority2" name="login" time="0.005"/>
  <system-out/>
  <testcase classname="testNGExample.AmazonAppTestPriority2" name="addItems" time="0.002"/>
  <system-out/>
  <testcase classname="testNGExample.AmazonAppTestPriority2" name="logout" time="0.001"/>
  <system-out/>
  <testcase classname="testNGExample.AmazonAppTestPriority2" name="updateOrder">
    <skipped/>
  </testcase> <!-- updateOrder -->
  <system-out/>
  <testcase classname="testNGExample.AmazonAppTestPriority2" name="payment">
    <skipped/>
  </testcase> <!-- payment -->
  <system-out/>
</testsuite> <!-- testNGExample.AmazonAppTestPriority2 -->
