<?xml version="1.0" encoding="UTF-8"?>
<!-- Generated by org.testng.reporters.JUnitReportReporter -->
<testsuite hostname="MSI" failures="0" tests="1" name="alertExample.HandleAlert" time="12.156" errors="0" timestamp="2025-03-13T10:00:34 IST" skipped="0">
  <testcase classname="alertExample.HandleAlert" name="VerifyPromptAlert" time="12.156"/>
  <system-out/>
</testsuite> <!-- alertExample.HandleAlert -->
