<?xml version="1.0" encoding="UTF-8"?>
<!-- Generated by org.testng.reporters.JUnitReportReporter -->
<testsuite hostname="MSI" failures="0" tests="2" name="crossBrowserTest.HandleCheckboxRadioButton" time="0.466" errors="0" timestamp="2025-03-12T11:44:14 IST" skipped="0">
  <testcase classname="crossBrowserTest.HandleCheckboxRadioButton" name="login" time="0.269"/>
  <system-out/>
  <testcase classname="crossBrowserTest.HandleCheckboxRadioButton" name="login" time="0.197"/>
  <system-out/>
</testsuite> <!-- crossBrowserTest.HandleCheckboxRadioButton -->
