<?xml version="1.0" encoding="UTF-8"?>
<!-- Generated by org.testng.reporters.JUnitReportReporter -->
<testsuite hostname="MSI" failures="0" tests="1" name="javascriptExample.SampleApp_DisableElement" time="3.049" errors="0" timestamp="2025-03-17T12:56:10 IST" skipped="0">
  <testcase classname="javascriptExample.SampleApp_DisableElement" name="VerifyLoginTest" time="3.049"/>
  <system-out/>
</testsuite> <!-- javascriptExample.SampleApp_DisableElement -->
