<?xml version="1.0" encoding="UTF-8"?>
<!-- Generated by org.testng.reporters.JUnitReportReporter -->
<testsuite hostname="MSI" failures="0" tests="1" name="javascriptExample.SampleApp_DisableElement2" time="3.073" errors="0" timestamp="2025-03-17T12:59:47 IST" skipped="0">
  <testcase classname="javascriptExample.SampleApp_DisableElement2" name="VerifyLoginTest" time="3.073"/>
  <system-out/>
</testsuite> <!-- javascriptExample.SampleApp_DisableElement2 -->
