<?xml version="1.0" encoding="UTF-8"?>
<!-- Generated by org.testng.reporters.JUnitReportReporter -->
<testsuite hostname="MSI" failures="0" tests="1" name="logExample.HRMLoginLogoutTest" time="0.101" errors="0" timestamp="2025-03-18T10:40:46 IST" skipped="0">
  <testcase classname="logExample.HRMLoginLogoutTest" name="VerifyLogin" time="0.101"/>
  <system-out/>
</testsuite> <!-- logExample.HRMLoginLogoutTest -->
