<?xml version="1.0" encoding="UTF-8"?>
<!-- Generated by org.testng.reporters.JUnitReportReporter -->
<testsuite hostname="MSI" failures="0" tests="1" name="tests.LoginTest" time="7.616" errors="0" timestamp="2025-03-19T11:05:33 IST" skipped="0">
  <testcase classname="tests.LoginTest" name="VerifyLogin" time="7.616"/>
  <system-out/>
</testsuite> <!-- tests.LoginTest -->
