<?xml version="1.0" encoding="UTF-8"?>
<!-- Generated by org.testng.reporters.JUnitReportReporter -->
<testsuite hostname="MSI" failures="0" tests="2" name="testNGExample.AmazonAppTestAnnotationExample" time="0.013" errors="0" timestamp="2025-03-18T11:34:54 IST" skipped="0">
  <testcase classname="testNGExample.AmazonAppTestAnnotationExample" name="login" time="0.008"/>
  <system-out/>
  <testcase classname="testNGExample.AmazonAppTestAnnotationExample" name="logout" time="0.005"/>
  <system-out/>
</testsuite> <!-- testNGExample.AmazonAppTestAnnotationExample -->
