<?xml version="1.0" encoding="UTF-8"?>
<!-- Generated by org.testng.reporters.JUnitReportReporter -->
<testsuite hostname="MSI" failures="0" tests="1" name="alertExample.HandleAlert2" time="12.150" errors="0" timestamp="2025-03-13T10:07:43 IST" skipped="0">
  <testcase classname="alertExample.HandleAlert2" name="VerifyPromptAlert" time="12.150"/>
  <system-out/>
</testsuite> <!-- alertExample.HandleAlert2 -->
