<?xml version="1.0" encoding="UTF-8"?>
<!-- Generated by org.testng.reporters.JUnitReportReporter -->
<testsuite hostname="MSI" failures="0" tests="1" name="frameExample.HandleFrameTest" time="0.082" errors="0" timestamp="2025-03-13T10:45:08 IST" skipped="0">
  <testcase classname="frameExample.HandleFrameTest" name="VerifyFrame" time="0.082"/>
  <system-out/>
</testsuite> <!-- frameExample.HandleFrameTest -->
