<?xml version="1.0" encoding="UTF-8"?>
<!-- Generated by org.testng.reporters.JUnitReportReporter -->
<testsuite hostname="MSI" failures="0" tests="1" name="syncIssueExample.HandleAlertExample" time="8.710" errors="0" timestamp="2025-03-13T11:04:56 IST" skipped="0">
  <testcase classname="syncIssueExample.HandleAlertExample" name="VerifyFrame" time="8.710"/>
  <system-out/>
</testsuite> <!-- syncIssueExample.HandleAlertExample -->
