<?xml version="1.0" encoding="UTF-8"?>
<!-- Generated by org.testng.reporters.JUnitReportReporter -->
<testsuite hostname="MSI" failures="0" tests="1" name="actionExample.DragDropExample" time="2.714" errors="0" timestamp="2025-03-19T10:47:42 IST" skipped="0">
  <testcase classname="actionExample.DragDropExample" name="VerifyFrame" time="2.714"/>
  <system-out/>
</testsuite> <!-- actionExample.DragDropExample -->
