<?xml version="1.0" encoding="UTF-8"?>
<!-- Generated by org.testng.reporters.JUnitReportReporter -->
<testsuite hostname="MSI" failures="0" tests="1" name="controlExample.HandleCheckboxRadioButton" time="0.234" errors="0" timestamp="2025-03-12T11:26:38 IST" skipped="0">
  <testcase classname="controlExample.HandleCheckboxRadioButton" name="login" time="0.234"/>
  <system-out/>
</testsuite> <!-- controlExample.HandleCheckboxRadioButton -->
