<?xml version="1.0" encoding="UTF-8"?>
<!-- Generated by org.testng.reporters.JUnitReportReporter -->
<testsuite hostname="MSI" failures="0" tests="1" name="takeScreenshotExample.HRMLoginTest" time="3.153" errors="0" timestamp="2025-03-17T12:35:08 IST" skipped="0">
  <testcase classname="takeScreenshotExample.HRMLoginTest" name="VerifyLoginTest" time="3.153"/>
  <system-out/>
</testsuite> <!-- takeScreenshotExample.HRMLoginTest -->
