<?xml version="1.0" encoding="UTF-8"?>
<!-- Generated by org.testng.reporters.JUnitReportReporter -->
<testsuite hostname="MSI" failures="0" tests="1" name="actionExample.AmazonWishList" time="0.177" errors="0" timestamp="2025-03-17T09:48:52 IST" skipped="0">
  <testcase classname="actionExample.AmazonWishList" name="VerifyWishList" time="0.177"/>
  <system-out/>
</testsuite> <!-- actionExample.AmazonWishList -->
