<?xml version="1.0" encoding="UTF-8"?>
<!-- Generated by org.testng.reporters.JUnitReportReporter -->
<testsuite hostname="MSI" failures="0" tests="1" name="headlessExecution.AmazonWishList" time="0.384" errors="0" timestamp="2025-03-19T09:27:26 IST" skipped="0">
  <testcase classname="headlessExecution.AmazonWishList" name="moveToWishList" time="0.384"/>
  <system-out/>
</testsuite> <!-- headlessExecution.AmazonWishList -->
