<?xml version="1.0" encoding="UTF-8"?>
<!-- Generated by org.testng.reporters.JUnitReportReporter -->
<testsuite hostname="MSI" failures="0" tests="5" name="testNGExample.AmazonAppTestPriorityMethod" time="0.017" errors="0" timestamp="2025-03-18T11:29:56 IST" skipped="0">
  <testcase classname="testNGExample.AmazonAppTestPriorityMethod" name="login" time="0.005"/>
  <system-out/>
  <testcase classname="testNGExample.AmazonAppTestPriorityMethod" name="updateOrder" time="0.002"/>
  <system-out/>
  <testcase classname="testNGExample.AmazonAppTestPriorityMethod" name="addItems" time="0.004"/>
  <system-out/>
  <testcase classname="testNGExample.AmazonAppTestPriorityMethod" name="payment" time="0.003"/>
  <system-out/>
  <testcase classname="testNGExample.AmazonAppTestPriorityMethod" name="logout" time="0.003"/>
  <system-out/>
</testsuite> <!-- testNGExample.AmazonAppTestPriorityMethod -->
