<?xml version="1.0" encoding="UTF-8"?>
<!-- Generated by org.testng.reporters.JUnitReportReporter -->
<testsuite hostname="MSI" failures="0" tests="5" name="testNGExample.AmazonAppTestPriority" time="0.013" errors="0" timestamp="2025-03-18T11:28:03 IST" skipped="0">
  <testcase classname="testNGExample.AmazonAppTestPriority" name="login" time="0.006"/>
  <system-out/>
  <testcase classname="testNGExample.AmazonAppTestPriority" name="addItems" time="0.001"/>
  <system-out/>
  <testcase classname="testNGExample.AmazonAppTestPriority" name="updateOrder" time="0.002"/>
  <system-out/>
  <testcase classname="testNGExample.AmazonAppTestPriority" name="payment" time="0.002"/>
  <system-out/>
  <testcase classname="testNGExample.AmazonAppTestPriority" name="logout" time="0.002"/>
  <system-out/>
</testsuite> <!-- testNGExample.AmazonAppTestPriority -->
