<?xml version="1.0" encoding="UTF-8"?>
<!-- Generated by org.testng.reporters.JUnitReportReporter -->
<testsuite hostname="MSI" failures="0" tests="1" name="HandleWindowExample_IRCTC.HandleWindowTest_Amazon" time="21.128" errors="0" timestamp="2025-03-13T12:14:41 IST" skipped="0">
  <testcase classname="HandleWindowExample_IRCTC.HandleWindowTest_Amazon" name="VerifyFrame" time="21.128"/>
  <system-out/>
</testsuite> <!-- HandleWindowExample_IRCTC.HandleWindowTest_Amazon -->
