<?xml version="1.0" encoding="UTF-8"?>
<!-- Generated by org.testng.reporters.JUnitReportReporter -->
<testsuite hostname="MSI" failures="0" tests="1" name="HandleWindowExample_IRCTC.HandleWindowTest" time="8.361" errors="0" timestamp="2025-03-13T12:01:25 IST" skipped="0">
  <testcase classname="HandleWindowExample_IRCTC.HandleWindowTest" name="VerifyFrame" time="8.361"/>
  <system-out/>
</testsuite> <!-- HandleWindowExample_IRCTC.HandleWindowTest -->
