<?xml version="1.0" encoding="UTF-8"?>
<!-- Generated by org.testng.reporters.JUnitReportReporter -->
<testsuite hostname="MSI" failures="0" tests="1" name="filUploadExample.FileUploadExample1" time="28.229" errors="0" timestamp="2025-03-19T09:33:26 IST" skipped="0">
  <testcase classname="filUploadExample.FileUploadExample1" name="fileUploadTest" time="28.229"/>
  <system-out/>
</testsuite> <!-- filUploadExample.FileUploadExample1 -->
